<?xml version="1.0" ?>
<!DOCTYPE coverage SYSTEM "http://cobertura.sourceforge.net/xml/coverage-04.dtd">
<coverage lines-valid="160" lines-covered="153" line-rate="0.9562999999999999" branches-valid="110" branches-covered="100" branch-rate="0.9091" timestamp="1607124599468" complexity="0" version="0.1">
  <sources>
    <source>/Users/lincolndaniel/Documents/src/timecapsule</source>
  </sources>
  <packages>
    <package name="lib" line-rate="0.9493" branch-rate="0.9">
      <classes>
        <class name="TimeCapsule.js" filename="lib/TimeCapsule.js" line-rate="0.9508" branch-rate="0.8929">
          <methods>
            <method name="(anonymous_0)" hits="444" signature="()V">
              <lines>
                <line number="11" hits="444"/>
              </lines>
            </method>
            <method name="(anonymous_1)" hits="199" signature="()V">
              <lines>
                <line number="14" hits="199"/>
              </lines>
            </method>
            <method name="(anonymous_2)" hits="606" signature="()V">
              <lines>
                <line number="17" hits="606"/>
              </lines>
            </method>
            <method name="(anonymous_3)" hits="7" signature="()V">
              <lines>
                <line number="32" hits="7"/>
              </lines>
            </method>
            <method name="(anonymous_4)" hits="181" signature="()V">
              <lines>
                <line number="98" hits="181"/>
              </lines>
            </method>
            <method name="(anonymous_5)" hits="80" signature="()V">
              <lines>
                <line number="121" hits="80"/>
              </lines>
            </method>
            <method name="(anonymous_6)" hits="4" signature="()V">
              <lines>
                <line number="128" hits="4"/>
              </lines>
            </method>
            <method name="(anonymous_7)" hits="4" signature="()V">
              <lines>
                <line number="135" hits="4"/>
              </lines>
            </method>
            <method name="(anonymous_8)" hits="73" signature="()V">
              <lines>
                <line number="145" hits="73"/>
              </lines>
            </method>
            <method name="(anonymous_9)" hits="84" signature="()V">
              <lines>
                <line number="156" hits="84"/>
              </lines>
            </method>
            <method name="(anonymous_10)" hits="2" signature="()V">
              <lines>
                <line number="184" hits="2"/>
              </lines>
            </method>
            <method name="(anonymous_11)" hits="23" signature="()V">
              <lines>
                <line number="192" hits="23"/>
              </lines>
            </method>
            <method name="(anonymous_12)" hits="18" signature="()V">
              <lines>
                <line number="214" hits="18"/>
              </lines>
            </method>
            <method name="(anonymous_13)" hits="43" signature="()V">
              <lines>
                <line number="230" hits="43"/>
              </lines>
            </method>
            <method name="(anonymous_14)" hits="35" signature="()V">
              <lines>
                <line number="242" hits="35"/>
              </lines>
            </method>
            <method name="(anonymous_15)" hits="32" signature="()V">
              <lines>
                <line number="250" hits="32"/>
              </lines>
            </method>
            <method name="(anonymous_16)" hits="84" signature="()V">
              <lines>
                <line number="258" hits="84"/>
              </lines>
            </method>
            <method name="(anonymous_17)" hits="192" signature="()V">
              <lines>
                <line number="296" hits="192"/>
              </lines>
            </method>
            <method name="(anonymous_18)" hits="139" signature="()V">
              <lines>
                <line number="312" hits="139"/>
              </lines>
            </method>
            <method name="(anonymous_19)" hits="7" signature="()V">
              <lines>
                <line number="319" hits="7"/>
              </lines>
            </method>
            <method name="(anonymous_20)" hits="34" signature="()V">
              <lines>
                <line number="326" hits="34"/>
              </lines>
            </method>
            <method name="(anonymous_21)" hits="198" signature="()V">
              <lines>
                <line number="371" hits="198"/>
              </lines>
            </method>
            <method name="(anonymous_22)" hits="161" signature="()V">
              <lines>
                <line number="383" hits="161"/>
              </lines>
            </method>
          </methods>
          <lines>
            <line number="1" hits="1" branch="false"/>
            <line number="6" hits="1" branch="false"/>
            <line number="8" hits="1" branch="false"/>
            <line number="10" hits="1" branch="false"/>
            <line number="12" hits="444" branch="true" condition-coverage="100% (2/2)"/>
            <line number="15" hits="199" branch="true" condition-coverage="100% (2/2)"/>
            <line number="18" hits="606" branch="false"/>
            <line number="22" hits="1" branch="false"/>
            <line number="32" hits="1" branch="false"/>
            <line number="33" hits="7" branch="false"/>
            <line number="99" hits="181" branch="false"/>
            <line number="100" hits="181" branch="false"/>
            <line number="101" hits="181" branch="false"/>
            <line number="102" hits="181" branch="false"/>
            <line number="104" hits="181" branch="false"/>
            <line number="105" hits="181" branch="false"/>
            <line number="107" hits="181" branch="false"/>
            <line number="109" hits="181" branch="true" condition-coverage="100% (2/2)"/>
            <line number="110" hits="1" branch="false"/>
            <line number="115" hits="180" branch="false"/>
            <line number="122" hits="80" branch="false"/>
            <line number="129" hits="4" branch="false"/>
            <line number="136" hits="4" branch="false"/>
            <line number="146" hits="73" branch="true" condition-coverage="50% (1/2)"/>
            <line number="147" hits="0" branch="false"/>
            <line number="150" hits="73" branch="false"/>
            <line number="151" hits="73" branch="false"/>
            <line number="153" hits="73" branch="false"/>
            <line number="154" hits="73" branch="false"/>
            <line number="156" hits="73" branch="false"/>
            <line number="157" hits="84" branch="true" condition-coverage="50% (1/2)"/>
            <line number="158" hits="0" branch="false"/>
            <line number="161" hits="84" branch="false"/>
            <line number="162" hits="84" branch="false"/>
            <line number="163" hits="84" branch="false"/>
            <line number="164" hits="84" branch="false"/>
            <line number="166" hits="84" branch="true" condition-coverage="100% (2/2)"/>
            <line number="167" hits="43" branch="false"/>
            <line number="170" hits="84" branch="false"/>
            <line number="185" hits="2" branch="true" condition-coverage="100% (2/2)"/>
            <line number="186" hits="1" branch="false"/>
            <line number="189" hits="1" branch="false"/>
            <line number="193" hits="23" branch="false"/>
            <line number="195" hits="23" branch="true" condition-coverage="100% (2/2)"/>
            <line number="196" hits="6" branch="false"/>
            <line number="197" hits="6" branch="false"/>
            <line number="199" hits="6" branch="true" condition-coverage="100% (2/2)"/>
            <line number="202" hits="17" branch="true" condition-coverage="50% (1/2)"/>
            <line number="203" hits="17" branch="false"/>
            <line number="204" hits="17" branch="false"/>
            <line number="205" hits="17" branch="false"/>
            <line number="210" hits="17" branch="false"/>
            <line number="217" hits="18" branch="true" condition-coverage="50% (1/2)"/>
            <line number="218" hits="18" branch="false"/>
            <line number="219" hits="18" branch="false"/>
            <line number="222" hits="0" branch="true" condition-coverage="0% (0/2)"/>
            <line number="226" hits="0" branch="false"/>
            <line number="231" hits="43" branch="false"/>
            <line number="233" hits="43" branch="true" condition-coverage="100% (2/2)"/>
            <line number="234" hits="17" branch="false"/>
            <line number="237" hits="26" branch="true" condition-coverage="50% (1/2)"/>
            <line number="238" hits="26" branch="true" condition-coverage="100% (2/2)"/>
            <line number="239" hits="1" branch="false"/>
            <line number="242" hits="25" branch="false"/>
            <line number="243" hits="35" branch="false"/>
            <line number="246" hits="25" branch="true" condition-coverage="100% (2/2)"/>
            <line number="247" hits="1" branch="false"/>
            <line number="250" hits="24" branch="false"/>
            <line number="251" hits="32" branch="false"/>
            <line number="255" hits="0" branch="false"/>
            <line number="260" hits="84" branch="true" condition-coverage="75% (3/4)"/>
            <line number="261" hits="0" branch="false"/>
            <line number="265" hits="84" branch="true" condition-coverage="100% (4/4)"/>
            <line number="266" hits="23" branch="false"/>
            <line number="276" hits="61" branch="true" condition-coverage="100% (2/2)"/>
            <line number="277" hits="18" branch="false"/>
            <line number="287" hits="43" branch="false"/>
            <line number="297" hits="192" branch="true" condition-coverage="100% (2/2)"/>
            <line number="298" hits="96" branch="false"/>
            <line number="301" hits="96" branch="true" condition-coverage="100% (2/2)"/>
            <line number="306" hits="5" branch="false"/>
            <line number="309" hits="91" branch="false"/>
            <line number="313" hits="139" branch="true" condition-coverage="100% (2/2)"/>
            <line number="314" hits="1" branch="false"/>
            <line number="317" hits="138" branch="true" condition-coverage="100% (2/2)"/>
            <line number="319" hits="2" branch="false"/>
            <line number="320" hits="7" branch="false"/>
            <line number="324" hits="138" branch="true" condition-coverage="100% (4/4)"/>
            <line number="326" hits="17" branch="false"/>
            <line number="327" hits="34" branch="false"/>
            <line number="331" hits="138" branch="true" condition-coverage="100% (2/2)"/>
            <line number="332" hits="91" branch="false"/>
            <line number="333" hits="91" branch="false"/>
            <line number="334" hits="91" branch="false"/>
            <line number="337" hits="138" branch="false"/>
            <line number="338" hits="138" branch="true" condition-coverage="100% (2/2)"/>
            <line number="339" hits="92" branch="false"/>
            <line number="341" hits="92" branch="true" condition-coverage="100% (4/4)"/>
            <line number="342" hits="39" branch="true" condition-coverage="100% (2/2)"/>
            <line number="343" hits="39" branch="false"/>
            <line number="345" hits="92" branch="false"/>
            <line number="348" hits="138" branch="true" condition-coverage="100% (2/2)"/>
            <line number="349" hits="52" branch="false"/>
            <line number="351" hits="52" branch="true" condition-coverage="75% (3/4)"/>
            <line number="352" hits="52" branch="true" condition-coverage="100% (2/2)"/>
            <line number="353" hits="52" branch="false"/>
            <line number="356" hits="52" branch="false"/>
            <line number="359" hits="138" branch="true" condition-coverage="100% (2/2)"/>
            <line number="360" hits="91" branch="false"/>
            <line number="363" hits="138" branch="true" condition-coverage="100% (2/2)"/>
            <line number="364" hits="136" branch="true" condition-coverage="100% (2/2)"/>
            <line number="365" hits="23" branch="false"/>
            <line number="368" hits="136" branch="true" condition-coverage="100% (2/2)"/>
            <line number="369" hits="68" branch="false"/>
            <line number="371" hits="136" branch="false"/>
            <line number="372" hits="198" branch="true" condition-coverage="100% (4/4)"/>
            <line number="373" hits="181" branch="false"/>
            <line number="376" hits="198" branch="false"/>
            <line number="380" hits="138" branch="false"/>
            <line number="384" hits="161" branch="false"/>
            <line number="388" hits="1" branch="false"/>
            <line number="390" hits="1" branch="false"/>
          </lines>
        </class>
        <class name="index.js" filename="lib/index.js" line-rate="0.9375" branch-rate="1">
          <methods>
            <method name="(anonymous_0)" hits="182" signature="()V">
              <lines>
                <line number="14" hits="182"/>
              </lines>
            </method>
            <method name="(anonymous_1)" hits="0" signature="()V">
              <lines>
                <line number="45" hits="0"/>
              </lines>
            </method>
          </methods>
          <lines>
            <line number="1" hits="1" branch="false"/>
            <line number="2" hits="1" branch="false"/>
            <line number="14" hits="1" branch="false"/>
            <line number="15" hits="182" branch="false"/>
            <line number="17" hits="182" branch="true" condition-coverage="100% (2/2)"/>
            <line number="18" hits="1" branch="false"/>
            <line number="21" hits="181" branch="false"/>
            <line number="22" hits="181" branch="false"/>
            <line number="31" hits="181" branch="false"/>
            <line number="32" hits="181" branch="false"/>
            <line number="35" hits="181" branch="true" condition-coverage="100% (2/2)"/>
            <line number="36" hits="86" branch="false"/>
            <line number="37" hits="86" branch="false"/>
            <line number="40" hits="181" branch="false"/>
            <line number="43" hits="1" branch="false"/>
            <line number="45" hits="0" branch="false"/>
          </lines>
        </class>
      </classes>
    </package>
    <package name="utils" line-rate="1" branch-rate="0.95">
      <classes>
        <class name="dates.js" filename="utils/dates.js" line-rate="1" branch-rate="0.95">
          <methods>
            <method name="(anonymous_0)" hits="1218" signature="()V">
              <lines>
                <line number="3" hits="1218"/>
              </lines>
            </method>
            <method name="(anonymous_1)" hits="1218" signature="()V">
              <lines>
                <line number="12" hits="1218"/>
              </lines>
            </method>
            <method name="(anonymous_2)" hits="399" signature="()V">
              <lines>
                <line number="27" hits="399"/>
              </lines>
            </method>
            <method name="(anonymous_3)" hits="115" signature="()V">
              <lines>
                <line number="40" hits="115"/>
              </lines>
            </method>
          </methods>
          <lines>
            <line number="1" hits="1" branch="false"/>
            <line number="3" hits="1" branch="false"/>
            <line number="4" hits="1218" branch="true" condition-coverage="100% (2/2)"/>
            <line number="12" hits="1" branch="false"/>
            <line number="13" hits="1218" branch="true" condition-coverage="100% (4/4)"/>
            <line number="14" hits="1052" branch="true" condition-coverage="100% (2/2)"/>
            <line number="15" hits="211" branch="false"/>
            <line number="17" hits="841" branch="false"/>
            <line number="19" hits="166" branch="false"/>
            <line number="27" hits="1" branch="false"/>
            <line number="28" hits="399" branch="false"/>
            <line number="29" hits="399" branch="false"/>
            <line number="31" hits="399" branch="true" condition-coverage="50% (1/2)"/>
            <line number="32" hits="399" branch="false"/>
            <line number="34" hits="399" branch="true" condition-coverage="100% (2/2)"/>
            <line number="35" hits="364" branch="false"/>
            <line number="37" hits="399" branch="false"/>
            <line number="40" hits="1" branch="false"/>
            <line number="41" hits="115" branch="true" condition-coverage="100% (4/4)"/>
            <line number="42" hits="73" branch="true" condition-coverage="100% (4/4)"/>
            <line number="44" hits="68" branch="false"/>
            <line number="47" hits="1" branch="false"/>
          </lines>
        </class>
      </classes>
    </package>
  </packages>
</coverage>
